<?xml version="1.0" encoding="UTF-8"?>
<testsuite xmlns:xsi="http://www.w3.org/2001/XMLSchema-instance" xsi:noNamespaceSchemaLocation="https://maven.apache.org/surefire/maven-surefire-plugin/xsd/surefire-test-report-3.0.xsd" version="3.0" name="com.grupoBC05.testing.MetodoFechasTest" time="0.381" tests="8" errors="0" skipped="0" failures="0">
  <properties>
[...]
</properties>
  <testcase name="testAntes1866" classname="com.grupoBC05.testing.MetodoFechasTest" time="0.138"/>
  <testcase name="testDivisiblePor400" classname="com.grupoBC05.testing.MetodoFechasTest" time="0.005"/>
  <testcase name="testDivisiblePor4No100" classname="com.grupoBC05.testing.MetodoFechasTest" time="0.003"/>
  <testcase name="testNoDivisiblePor4" classname="com.grupoBC05.testing.MetodoFechasTest" time="0.006"/>
  <testcase name="testNoBisiestoOtraRama" classname="com.grupoBC05.testing.MetodoFechasTest" time="0.002"/>
  <testcase name="testDivisiblePor100No400" classname="com.grupoBC05.testing.MetodoFechasTest" time="0.004"/>
  <testcase name="testMainBisiesto" classname="com.grupoBC05.testing.MetodoFechasTest" time="0.016"/>
  <testcase name="testMainNoBisiesto" classname="com.grupoBC05.testing.MetodoFechasTest" time="0.006"/>
</testsuite>